<?xml version="1.0" encoding="UTF-8" ?>
<testsuite tests="4" failures="0" name="de.tud.vcd.common.BallotCardDesignTest" time="0.313" errors="0" skipped="0">
  <properties>
[...]
</properties>
  <testcase classname="de.tud.vcd.common.BallotCardDesignTest" name="testGetElection_name" time="0.313"/>
  <testcase classname="de.tud.vcd.common.BallotCardDesignTest" name="testGetElection_id" time="0"/>
  <testcase classname="de.tud.vcd.common.BallotCardDesignTest" name="testGetDesignValue" time="0"/>
  <testcase classname="de.tud.vcd.common.BallotCardDesignTest" name="testGetCandidate_NotFound" time="0"/>
</testsuite>